<<<<<<< HEAD
﻿  renderer.cpp
C:\Users\berta\Documents\GitHub\GTR_Framework\src\extra\cJSON.h(104,1): warning C4099: 'cJSON': nombre de tipo visto anteriormente usando 'class' ahora se ve usando 'struct'
C:\Users\berta\Documents\GitHub\GTR_Framework\src\extra\cJSON.h(103): message : vea la declaración de 'cJSON'
C:\Users\berta\Documents\GitHub\GTR_Framework\src\renderer.cpp(22,20): warning C4018: '<': no coinciden signed/unsigned
C:\Users\berta\Documents\GitHub\GTR_Framework\src\renderer.cpp(32,20): warning C4018: '<': no coinciden signed/unsigned
C:\Users\berta\Documents\GitHub\GTR_Framework\src\renderer.cpp(53,20): warning C4018: '<': no coinciden signed/unsigned
C:\Users\berta\Documents\GitHub\GTR_Framework\src\renderer.cpp(82,34): warning C4305: 'argumento': truncamiento de 'double' a 'GLclampf'
C:\Users\berta\Documents\GitHub\GTR_Framework\src\renderer.cpp(101,11): warning C4244: 'inicializando': conversión de 'int' a 'float'; posible pérdida de datos
C:\Users\berta\Documents\GitHub\GTR_Framework\src\renderer.cpp(102,11): warning C4244: 'inicializando': conversión de 'int' a 'float'; posible pérdida de datos
C:\Users\berta\Documents\GitHub\GTR_Framework\src\renderer.cpp(105,36): warning C4244: 'argumento': conversión de 'float' a 'GLsizei'; posible pérdida de datos
C:\Users\berta\Documents\GitHub\GTR_Framework\src\renderer.cpp(105,29): warning C4244: 'argumento': conversión de 'float' a 'GLsizei'; posible pérdida de datos
C:\Users\berta\Documents\GitHub\GTR_Framework\src\renderer.cpp(105,21): warning C4244: 'argumento': conversión de 'float' a 'GLint'; posible pérdida de datos
C:\Users\berta\Documents\GitHub\GTR_Framework\src\renderer.cpp(105,15): warning C4244: 'argumento': conversión de 'float' a 'GLint'; posible pérdida de datos
C:\Users\berta\Documents\GitHub\GTR_Framework\src\renderer.cpp(107,37): warning C4244: 'argumento': conversión de 'float' a 'GLsizei'; posible pérdida de datos
C:\Users\berta\Documents\GitHub\GTR_Framework\src\renderer.cpp(107,30): warning C4244: 'argumento': conversión de 'float' a 'GLsizei'; posible pérdida de datos
C:\Users\berta\Documents\GitHub\GTR_Framework\src\renderer.cpp(107,22): warning C4244: 'argumento': conversión de 'float' a 'GLint'; posible pérdida de datos
C:\Users\berta\Documents\GitHub\GTR_Framework\src\renderer.cpp(107,17): warning C4244: 'argumento': conversión de 'float' a 'GLint'; posible pérdida de datos
C:\Users\berta\Documents\GitHub\GTR_Framework\src\renderer.cpp(109,37): warning C4244: 'argumento': conversión de 'float' a 'GLsizei'; posible pérdida de datos
C:\Users\berta\Documents\GitHub\GTR_Framework\src\renderer.cpp(109,30): warning C4244: 'argumento': conversión de 'float' a 'GLsizei'; posible pérdida de datos
C:\Users\berta\Documents\GitHub\GTR_Framework\src\renderer.cpp(109,23): warning C4244: 'argumento': conversión de 'float' a 'GLint'; posible pérdida de datos
C:\Users\berta\Documents\GitHub\GTR_Framework\src\renderer.cpp(109,15): warning C4244: 'argumento': conversión de 'float' a 'GLint'; posible pérdida de datos
C:\Users\berta\Documents\GitHub\GTR_Framework\src\renderer.cpp(111,38): warning C4244: 'argumento': conversión de 'float' a 'GLsizei'; posible pérdida de datos
C:\Users\berta\Documents\GitHub\GTR_Framework\src\renderer.cpp(111,31): warning C4244: 'argumento': conversión de 'float' a 'GLsizei'; posible pérdida de datos
C:\Users\berta\Documents\GitHub\GTR_Framework\src\renderer.cpp(111,24): warning C4244: 'argumento': conversión de 'float' a 'GLint'; posible pérdida de datos
C:\Users\berta\Documents\GitHub\GTR_Framework\src\renderer.cpp(111,17): warning C4244: 'argumento': conversión de 'float' a 'GLint'; posible pérdida de datos
C:\Users\berta\Documents\GitHub\GTR_Framework\src\renderer.cpp(123,31): warning C4244: 'argumento': conversión de 'float' a 'int'; posible pérdida de datos
C:\Users\berta\Documents\GitHub\GTR_Framework\src\renderer.cpp(123,28): warning C4244: 'argumento': conversión de 'float' a 'int'; posible pérdida de datos
C:\Users\berta\Documents\GitHub\GTR_Framework\src\renderer.cpp(144,57): warning C4244: 'argumento': conversión de 'double' a 'float'; posible pérdida de datos
C:\Users\berta\Documents\GitHub\GTR_Framework\src\renderer.cpp(144,41): warning C4244: 'argumento': conversión de 'double' a 'float'; posible pérdida de datos
C:\Users\berta\Documents\GitHub\GTR_Framework\src\renderer.cpp(157,30): warning C4244: 'argumento': conversión de 'float' a 'GLsizei'; posible pérdida de datos
C:\Users\berta\Documents\GitHub\GTR_Framework\src\renderer.cpp(157,27): warning C4244: 'argumento': conversión de 'float' a 'GLsizei'; posible pérdida de datos
C:\Users\berta\Documents\GitHub\GTR_Framework\src\renderer.cpp(157,21): warning C4244: 'argumento': conversión de 'float' a 'GLint'; posible pérdida de datos
C:\Users\berta\Documents\GitHub\GTR_Framework\src\renderer.cpp(157,15): warning C4244: 'argumento': conversión de 'float' a 'GLint'; posible pérdida de datos
C:\Users\berta\Documents\GitHub\GTR_Framework\src\renderer.cpp(199,20): warning C4018: '<': no coinciden signed/unsigned
C:\Users\berta\Documents\GitHub\GTR_Framework\src\renderer.cpp(208,20): warning C4018: '<': no coinciden signed/unsigned
C:\Users\berta\Documents\GitHub\GTR_Framework\src\renderer.cpp(263,10): warning C4244: 'inicializando': conversión de 'long' a 'float'; posible pérdida de datos
C:\Users\berta\Documents\GitHub\GTR_Framework\src\renderer.cpp(296,21): warning C4018: '<': no coinciden signed/unsigned
C:\Users\berta\Documents\GitHub\GTR_Framework\src\renderer.cpp(349,20): warning C4018: '<': no coinciden signed/unsigned
C:\Users\berta\Documents\GitHub\GTR_Framework\src\renderer.cpp(416,10): warning C4244: 'inicializando': conversión de 'long' a 'float'; posible pérdida de datos
C:\Users\berta\Documents\GitHub\GTR_Framework\src\renderer.cpp(435,21): warning C4018: '<': no coinciden signed/unsigned
C:\Users\berta\Documents\GitHub\GTR_Framework\src\renderer.cpp(481,22): warning C4018: '<': no coinciden signed/unsigned
     Creando biblioteca ..\..\framework.lib y objeto ..\..\framework.exp
LINK : warning LNK4098: la biblioteca predeterminada'LIBCMT' entra en conflicto con otras bibliotecas; use la biblioteca /NODEFAULTLIB:biblioteca
  Generando código
  4 of 4237 functions (<0.1%) were compiled, the rest were copied from previous compilation.
    0 functions were new in current compilation
    51 functions had inline decision re-evaluated but remain unchanged
=======
﻿  application.cpp
F:\COURSES\GTR\GTR_Framework\src\scene.h(8,12): warning C4099: 'cJSON': nombre de tipo visto anteriormente usando 'struct' ahora se ve usando 'class'
F:\COURSES\GTR\GTR_Framework\src\extra\cJSON.h(103): message : vea la declaración de 'cJSON'
F:\COURSES\GTR\GTR_Framework\src\application.cpp(116,14): warning C4244: 'inicializando': conversión de 'double' a 'float'; posible pérdida de datos
F:\COURSES\GTR\GTR_Framework\src\application.cpp(117,20): warning C4244: 'inicializando': conversión de 'double' a 'float'; posible pérdida de datos
F:\COURSES\GTR\GTR_Framework\src\application.cpp(133,55): warning C4244: 'argumento': conversión de 'double' a 'float'; posible pérdida de datos
F:\COURSES\GTR\GTR_Framework\src\application.cpp(135,55): warning C4244: 'argumento': conversión de 'double' a 'float'; posible pérdida de datos
F:\COURSES\GTR\GTR_Framework\src\application.cpp(256,20): warning C4018: '<': no coinciden signed/unsigned
F:\COURSES\GTR\GTR_Framework\src\application.cpp(344,36): warning C4244: '*=': conversión de 'double' a 'float'; posible pérdida de datos
F:\COURSES\GTR\GTR_Framework\src\application.cpp(346,35): warning C4244: 'argumento': conversión de 'double' a 'float'; posible pérdida de datos
     Creando biblioteca ..\..\framework.lib y objeto ..\..\framework.exp
LINK : warning LNK4098: la biblioteca predeterminada'LIBCMT' entra en conflicto con otras bibliotecas; use la biblioteca /NODEFAULTLIB:biblioteca
  Generando código
  2 of 4046 functions (<0.1%) were compiled, the rest were copied from previous compilation.
    0 functions were new in current compilation
    50 functions had inline decision re-evaluated but remain unchanged
>>>>>>> upstream/master
  Generación de código finalizada
LINK : warning LNK4286: "___glewDeleteBuffers" importa el símbolo "glew32s.lib(glew.obj)" definido en "imgui_impl_opengl3.obj"
LINK : warning LNK4286: "___glewLinkProgram" importa el símbolo "glew32s.lib(glew.obj)" definido en "imgui_impl_opengl3.obj"
LINK : warning LNK4286: "___glewDeleteShader" importa el símbolo "glew32s.lib(glew.obj)" definido en "imgui_impl_opengl3.obj"
LINK : warning LNK4286: "___glewGenBuffers" importa el símbolo "glew32s.lib(glew.obj)" definido en "imgui_impl_opengl3.obj"
LINK : warning LNK4286: "___glewGetProgramInfoLog" importa el símbolo "glew32s.lib(glew.obj)" definido en "imgui_impl_opengl3.obj"
LINK : warning LNK4286: "___glewDetachShader" importa el símbolo "glew32s.lib(glew.obj)" definido en "imgui_impl_opengl3.obj"
LINK : warning LNK4286: "___glewUniformMatrix4fv" importa el símbolo "glew32s.lib(glew.obj)" definido en "imgui_impl_opengl3.obj"
LINK : warning LNK4286: "___glewBlendEquationSeparate" importa el símbolo "glew32s.lib(glew.obj)" definido en "imgui_impl_opengl3.obj"
LINK : warning LNK4286: "___glewGenVertexArrays" importa el símbolo "glew32s.lib(glew.obj)" definido en "imgui_impl_opengl3.obj"
LINK : warning LNK4286: "___glewBlendEquation" importa el símbolo "glew32s.lib(glew.obj)" definido en "imgui_impl_opengl3.obj"
LINK : warning LNK4286: "___glewShaderSource" importa el símbolo "glew32s.lib(glew.obj)" definido en "imgui_impl_opengl3.obj"
LINK : warning LNK4286: "___glewDeleteProgram" importa el símbolo "glew32s.lib(glew.obj)" definido en "imgui_impl_opengl3.obj"
LINK : warning LNK4286: "___glewActiveTexture" importa el símbolo "glew32s.lib(glew.obj)" definido en "imgui_impl_opengl3.obj"
LINK : warning LNK4286: "___glewAttachShader" importa el símbolo "glew32s.lib(glew.obj)" definido en "imgui_impl_opengl3.obj"
LINK : warning LNK4286: "___glewBufferData" importa el símbolo "glew32s.lib(glew.obj)" definido en "imgui_impl_opengl3.obj"
LINK : warning LNK4286: "___glewGetUniformLocation" importa el símbolo "glew32s.lib(glew.obj)" definido en "imgui_impl_opengl3.obj"
LINK : warning LNK4286: "___glewBlendFuncSeparate" importa el símbolo "glew32s.lib(glew.obj)" definido en "imgui_impl_opengl3.obj"
LINK : warning LNK4286: "___glewDeleteVertexArrays" importa el símbolo "glew32s.lib(glew.obj)" definido en "imgui_impl_opengl3.obj"
LINK : warning LNK4286: "___glewGetProgramiv" importa el símbolo "glew32s.lib(glew.obj)" definido en "imgui_impl_opengl3.obj"
LINK : warning LNK4286: "___glewGetShaderInfoLog" importa el símbolo "glew32s.lib(glew.obj)" definido en "imgui_impl_opengl3.obj"
LINK : warning LNK4286: "___glewUniform1i" importa el símbolo "glew32s.lib(glew.obj)" definido en "imgui_impl_opengl3.obj"
LINK : warning LNK4286: "___glewCreateProgram" importa el símbolo "glew32s.lib(glew.obj)" definido en "imgui_impl_opengl3.obj"
LINK : warning LNK4286: "___glewBindBuffer" importa el símbolo "glew32s.lib(glew.obj)" definido en "imgui_impl_opengl3.obj"
LINK : warning LNK4286: "___glewCreateShader" importa el símbolo "glew32s.lib(glew.obj)" definido en "imgui_impl_opengl3.obj"
LINK : warning LNK4286: "___glewGetAttribLocation" importa el símbolo "glew32s.lib(glew.obj)" definido en "imgui_impl_opengl3.obj"
LINK : warning LNK4286: "___glewCompileShader" importa el símbolo "glew32s.lib(glew.obj)" definido en "imgui_impl_opengl3.obj"
LINK : warning LNK4286: "___glewGetShaderiv" importa el símbolo "glew32s.lib(glew.obj)" definido en "imgui_impl_opengl3.obj"
LINK : warning LNK4286: "___glewDrawElementsBaseVertex" importa el símbolo "glew32s.lib(glew.obj)" definido en "imgui_impl_opengl3.obj"
LINK : warning LNK4286: "___glewVertexAttribPointer" importa el símbolo "glew32s.lib(glew.obj)" definido en "imgui_impl_opengl3.obj"
LINK : warning LNK4286: "___glewUseProgram" importa el símbolo "glew32s.lib(glew.obj)" definido en "imgui_impl_opengl3.obj"
LINK : warning LNK4286: "___glewBindSampler" importa el símbolo "glew32s.lib(glew.obj)" definido en "imgui_impl_opengl3.obj"
LINK : warning LNK4286: "___glewBindVertexArray" importa el símbolo "glew32s.lib(glew.obj)" definido en "imgui_impl_opengl3.obj"
LINK : warning LNK4286: "___glewEnableVertexAttribArray" importa el símbolo "glew32s.lib(glew.obj)" definido en "imgui_impl_opengl3.obj"
<<<<<<< HEAD
glew32s.lib(glew.obj) : warning LNK4099: no se encontró PDB 'vc120.pdb' con 'glew32s.lib(glew.obj)' o en 'C:\Users\berta\Documents\GitHub\GTR_Framework\vc120.pdb'; se vinculará el objeto sin tener en cuenta información de depuración
  visualstudio.vcxproj -> C:\Users\berta\Documents\GitHub\GTR_Framework\framework.exe
=======
glew32s.lib(glew.obj) : warning LNK4099: no se encontró PDB 'vc120.pdb' con 'glew32s.lib(glew.obj)' o en 'F:\COURSES\GTR\GTR_Framework\vc120.pdb'; se vinculará el objeto sin tener en cuenta información de depuración
  visualstudio.vcxproj -> F:\COURSES\GTR\GTR_Framework\visualstudio\VS2015\..\..\framework.exe
>>>>>>> upstream/master
